<?xml version="1.0" encoding="UTF-8"?>
<!-- Generated by org.testng.reporters.JUnitReportReporter -->
<testsuite hostname="C136" name="specs.RegistrationNaukri" tests="1" failures="0" timestamp="26 May 2017 06:57:14 GMT" time="19.760" errors="0">
  <testcase name="Registartion" time="19.760" classname="specs.RegistrationNaukri"/>
</testsuite> <!-- specs.RegistrationNaukri -->
