<?xml version="1.0" encoding="UTF-8"?>
<!-- Generated by org.testng.reporters.JUnitReportReporter -->
<testsuite hostname="C136" name="specs.NewRegistration" tests="1" failures="0" timestamp="26 May 2017 10:08:13 GMT" time="12.714" errors="0">
  <testcase name="NewRegistration" time="12.714" classname="specs.NewRegistration"/>
</testsuite> <!-- specs.NewRegistration -->
